This file contains any messages produced by compilers while
running configure, to aid debugging if configure makes a mistake.

It was created by iperf configure 3.7, which was
generated by GNU Autoconf 2.69.  Invocation command line was

  $ ./configure --host=arm

## --------- ##
## Platform. ##
## --------- ##

hostname = linux-3
uname -m = x86_64
uname -r = 4.15.0-54-generic
uname -s = Linux
uname -v = #58~16.04.1-Ubuntu SMP Mon Jun 24 13:21:41 UTC 2019

/usr/bin/uname -p = unknown
/bin/uname -X     = unknown

/bin/arch              = unknown
/usr/bin/arch -k       = unknown
/usr/convex/getsysinfo = unknown
/usr/bin/hostinfo      = unknown
/bin/machine           = unknown
/usr/bin/oslevel       = unknown
/bin/universe          = unknown

PATH: /local/code/quoin-1211/KaiOS/build/fake-jdk-tools/bin
PATH: /local/code/quoin-1211/KaiOS/out/host/linux-x86/bin
PATH: /local/code/quoin-1211/KaiOS/prebuilts/gcc/linux-x86/arm/arm-linux-androideabi-4.9/bin
PATH: /local/code/quoin-1211/KaiOS/prebuilts/gcc/linux-x86/
PATH: /local/code/quoin-1211/KaiOS/development/scripts
PATH: /local/code/quoin-1211/KaiOS/prebuilts/devtools/tools
PATH: /local/code/quoin-1211/KaiOS/external/selinux/prebuilts/bin
PATH: /usr/local/sbin
PATH: /usr/local/bin
PATH: /usr/sbin
PATH: /usr/bin
PATH: /sbin
PATH: /bin
PATH: /usr/games
PATH: /usr/local/games


## ----------- ##
## Core tests. ##
## ----------- ##

configure:2344: checking for a BSD-compatible install
configure:2412: result: /usr/bin/install -c
configure:2423: checking whether build environment is sane
configure:2478: result: yes
configure:2537: checking for arm-strip
configure:2567: result: no
configure:2577: checking for strip
configure:2593: found /usr/bin/strip
configure:2604: result: strip
configure:2629: checking for a thread-safe mkdir -p
configure:2668: result: /bin/mkdir -p
configure:2675: checking for gawk
configure:2691: found /usr/bin/gawk
configure:2702: result: gawk
configure:2713: checking whether make sets $(MAKE)
configure:2735: result: yes
configure:2764: checking whether make supports nested variables
configure:2781: result: yes
configure:2908: checking whether to enable maintainer-specific portions of Makefiles
configure:2917: result: no
configure:2937: checking build system type
configure:2951: result: x86_64-unknown-linux-gnu
configure:2971: checking host system type
configure:2984: result: arm-unknown-none
configure:3015: checking for arm-gcc
configure:3045: result: no
configure:3055: checking for gcc
configure:3071: found /usr/bin/gcc
configure:3082: result: gcc
configure:3311: checking for C compiler version
configure:3320: gcc --version >&5
gcc (Ubuntu 5.4.0-6ubuntu1~16.04.10) 5.4.0 20160609
Copyright (C) 2015 Free Software Foundation, Inc.
This is free software; see the source for copying conditions.  There is NO
warranty; not even for MERCHANTABILITY or FITNESS FOR A PARTICULAR PURPOSE.

configure:3331: $? = 0
configure:3320: gcc -v >&5
Using built-in specs.
COLLECT_GCC=gcc
COLLECT_LTO_WRAPPER=/usr/lib/gcc/x86_64-linux-gnu/5/lto-wrapper
Target: x86_64-linux-gnu
Configured with: ../src/configure -v --with-pkgversion='Ubuntu 5.4.0-6ubuntu1~16.04.10' --with-bugurl=file:///usr/share/doc/gcc-5/README.Bugs --enable-languages=c,ada,c++,java,go,d,fortran,objc,obj-c++ --prefix=/usr --program-suffix=-5 --enable-shared --enable-linker-build-id --libexecdir=/usr/lib --without-included-gettext --enable-threads=posix --libdir=/usr/lib --enable-nls --with-sysroot=/ --enable-clocale=gnu --enable-libstdcxx-debug --enable-libstdcxx-time=yes --with-default-libstdcxx-abi=new --enable-gnu-unique-object --disable-vtable-verify --enable-libmpx --enable-plugin --with-system-zlib --disable-browser-plugin --enable-java-awt=gtk --enable-gtk-cairo --with-java-home=/usr/lib/jvm/java-1.5.0-gcj-5-amd64/jre --enable-java-home --with-jvm-root-dir=/usr/lib/jvm/java-1.5.0-gcj-5-amd64 --with-jvm-jar-dir=/usr/lib/jvm-exports/java-1.5.0-gcj-5-amd64 --with-arch-directory=amd64 --with-ecj-jar=/usr/share/java/eclipse-ecj.jar --enable-objc-gc --enable-multiarch --disable-werror --with-arch-32=i686 --with-abi=m64 --with-multilib-list=m32,m64,mx32 --enable-multilib --with-tune=generic --enable-checking=release --build=x86_64-linux-gnu --host=x86_64-linux-gnu --target=x86_64-linux-gnu
Thread model: posix
gcc version 5.4.0 20160609 (Ubuntu 5.4.0-6ubuntu1~16.04.10) 
configure:3331: $? = 0
configure:3320: gcc -V >&5
gcc: error: unrecognized command line option '-V'
gcc: fatal error: no input files
compilation terminated.
configure:3331: $? = 1
configure:3320: gcc -qversion >&5
gcc: error: unrecognized command line option '-qversion'
gcc: fatal error: no input files
compilation terminated.
configure:3331: $? = 1
configure:3351: checking whether the C compiler works
configure:3373: gcc    conftest.c  >&5
configure:3377: $? = 0
configure:3425: result: yes
configure:3428: checking for C compiler default output file name
configure:3430: result: a.out
configure:3436: checking for suffix of executables
configure:3443: gcc -o conftest    conftest.c  >&5
configure:3447: $? = 0
configure:3469: result: 
configure:3491: checking whether we are cross compiling
configure:3499: gcc -o conftest    conftest.c  >&5
configure:3503: $? = 0
configure:3510: ./conftest
configure:3514: $? = 0
configure:3529: result: no
configure:3534: checking for suffix of object files
configure:3556: gcc -c   conftest.c >&5
configure:3560: $? = 0
configure:3581: result: o
configure:3585: checking whether we are using the GNU C compiler
configure:3604: gcc -c   conftest.c >&5
configure:3604: $? = 0
configure:3613: result: yes
configure:3622: checking whether gcc accepts -g
configure:3642: gcc -c -g  conftest.c >&5
configure:3642: $? = 0
configure:3683: result: yes
configure:3700: checking for gcc option to accept ISO C89
configure:3763: gcc  -c -g -O2  conftest.c >&5
configure:3763: $? = 0
configure:3776: result: none needed
configure:3801: checking whether gcc understands -c and -o together
configure:3823: gcc -c conftest.c -o conftest2.o
configure:3826: $? = 0
configure:3823: gcc -c conftest.c -o conftest2.o
configure:3826: $? = 0
configure:3838: result: yes
configure:3858: checking whether make supports the include directive
configure:3873: make -f confmf.GNU && cat confinc.out
this is the am__doit target
configure:3876: $? = 0
configure:3895: result: yes (GNU style)
configure:3920: checking dependency style of gcc
configure:4031: result: gcc3
configure:4049: checking for arm-ranlib
configure:4079: result: no
configure:4089: checking for ranlib
configure:4105: found /usr/bin/ranlib
configure:4116: result: ranlib
configure:4138: checking whether ln -s works
configure:4142: result: yes
configure:4195: checking how to print strings
configure:4222: result: printf
configure:4243: checking for a sed that does not truncate output
configure:4307: result: /bin/sed
configure:4325: checking for grep that handles long lines and -e
configure:4383: result: /bin/grep
configure:4388: checking for egrep
configure:4450: result: /bin/grep -E
configure:4455: checking for fgrep
configure:4517: result: /bin/grep -F
configure:4552: checking for ld used by gcc
configure:4619: result: /usr/bin/ld
configure:4626: checking if the linker (/usr/bin/ld) is GNU ld
configure:4641: result: yes
configure:4653: checking for BSD- or MS-compatible name lister (nm)
configure:4707: result: no
configure:4721: checking for arm-dumpbin
configure:4751: result: no
configure:4721: checking for arm-link
configure:4751: result: no
configure:4765: checking for dumpbin
configure:4795: result: no
configure:4765: checking for link
configure:4781: found /usr/bin/link
configure:4792: result: link -dump
configure:4837: checking the name lister (nm) interface
configure:4844: gcc -c -g -O2  conftest.c >&5
configure:4847: nm "conftest.o"
configure:4850: output
0000000000000000 B some_variable
configure:4857: result: BSD nm
configure:4861: checking the maximum length of command line arguments
configure:4992: result: 1572864
configure:5040: checking how to convert x86_64-unknown-linux-gnu file names to arm-unknown-none format
configure:5080: result: func_convert_file_noop
configure:5087: checking how to convert x86_64-unknown-linux-gnu file names to toolchain format
configure:5107: result: func_convert_file_noop
configure:5114: checking for /usr/bin/ld option to reload object files
configure:5121: result: -r
configure:5155: checking for arm-objdump
configure:5185: result: no
configure:5195: checking for objdump
configure:5211: found /usr/bin/objdump
configure:5222: result: objdump
configure:5254: checking how to recognize dependent libraries
configure:5454: result: unknown
configure:5499: checking for arm-dlltool
configure:5529: result: no
configure:5539: checking for dlltool
configure:5569: result: no
configure:5599: checking how to associate runtime and link libraries
configure:5626: result: printf %s\n
configure:5643: checking for arm-ar
configure:5673: result: no
configure:5687: checking for ar
configure:5703: found /usr/bin/ar
configure:5714: result: ar
configure:5751: checking for archiver @FILE support
configure:5768: gcc -c -g -O2  conftest.c >&5
configure:5768: $? = 0
configure:5771: ar cru libconftest.a @conftest.lst >&5
ar: `u' modifier ignored since `D' is the default (see `U')
configure:5774: $? = 0
configure:5779: ar cru libconftest.a @conftest.lst >&5
ar: `u' modifier ignored since `D' is the default (see `U')
ar: conftest.o: No such file or directory
configure:5782: $? = 1
configure:5794: result: @
configure:5812: checking for arm-strip
configure:5839: result: strip
configure:5911: checking for arm-ranlib
configure:5938: result: ranlib
configure:6080: checking command to parse nm output from gcc object
configure:6233: gcc -c -g -O2  conftest.c >&5
configure:6236: $? = 0
configure:6240: nm conftest.o \| sed -n -e 's/^.*[ ]\([ABCDGIRSTW][ABCDGIRSTW]*\)[ ][ ]*\([_A-Za-z][_A-Za-z0-9]*\)$/\1 \2 \2/p' | sed '/ __gnu_lto/d' \> conftest.nm
configure:6243: $? = 0
configure:6309: gcc -o conftest -g -O2   conftest.c conftstm.o >&5
configure:6312: $? = 0
configure:6350: result: ok
configure:6397: checking for sysroot
configure:6427: result: no
configure:6434: checking for a working dd
configure:6472: result: /bin/dd
configure:6476: checking how to truncate binary pipes
configure:6491: result: /bin/dd bs=4096 count=1
configure:6780: checking for arm-mt
configure:6810: result: no
configure:6820: checking for mt
configure:6836: found /bin/mt
configure:6847: result: mt
configure:6870: checking if mt is a manifest tool
configure:6876: mt '-?'
configure:6884: result: no
configure:7561: checking how to run the C preprocessor
configure:7592: gcc -E  conftest.c
configure:7592: $? = 0
configure:7606: gcc -E  conftest.c
conftest.c:11:28: fatal error: ac_nonexistent.h: No such file or directory
compilation terminated.
configure:7606: $? = 1
configure: failed program was:
| /* confdefs.h */
| #define PACKAGE_NAME "iperf"
| #define PACKAGE_TARNAME "iperf"
| #define PACKAGE_VERSION "3.7"
| #define PACKAGE_STRING "iperf 3.7"
| #define PACKAGE_BUGREPORT "https://github.com/esnet/iperf"
| #define PACKAGE_URL "https://software.es.net/iperf/"
| #define PACKAGE "iperf"
| #define VERSION "3.7"
| /* end confdefs.h.  */
| #include <ac_nonexistent.h>
configure:7631: result: gcc -E
configure:7651: gcc -E  conftest.c
configure:7651: $? = 0
configure:7665: gcc -E  conftest.c
conftest.c:11:28: fatal error: ac_nonexistent.h: No such file or directory
compilation terminated.
configure:7665: $? = 1
configure: failed program was:
| /* confdefs.h */
| #define PACKAGE_NAME "iperf"
| #define PACKAGE_TARNAME "iperf"
| #define PACKAGE_VERSION "3.7"
| #define PACKAGE_STRING "iperf 3.7"
| #define PACKAGE_BUGREPORT "https://github.com/esnet/iperf"
| #define PACKAGE_URL "https://software.es.net/iperf/"
| #define PACKAGE "iperf"
| #define VERSION "3.7"
| /* end confdefs.h.  */
| #include <ac_nonexistent.h>
configure:7694: checking for ANSI C header files
configure:7714: gcc -c -g -O2  conftest.c >&5
configure:7714: $? = 0
configure:7787: gcc -o conftest -g -O2   conftest.c  >&5
configure:7787: $? = 0
configure:7787: ./conftest
configure:7787: $? = 0
configure:7798: result: yes
configure:7811: checking for sys/types.h
configure:7811: gcc -c -g -O2  conftest.c >&5
configure:7811: $? = 0
configure:7811: result: yes
configure:7811: checking for sys/stat.h
configure:7811: gcc -c -g -O2  conftest.c >&5
configure:7811: $? = 0
configure:7811: result: yes
configure:7811: checking for stdlib.h
configure:7811: gcc -c -g -O2  conftest.c >&5
configure:7811: $? = 0
configure:7811: result: yes
configure:7811: checking for string.h
configure:7811: gcc -c -g -O2  conftest.c >&5
configure:7811: $? = 0
configure:7811: result: yes
configure:7811: checking for memory.h
configure:7811: gcc -c -g -O2  conftest.c >&5
configure:7811: $? = 0
configure:7811: result: yes
configure:7811: checking for strings.h
configure:7811: gcc -c -g -O2  conftest.c >&5
configure:7811: $? = 0
configure:7811: result: yes
configure:7811: checking for inttypes.h
configure:7811: gcc -c -g -O2  conftest.c >&5
configure:7811: $? = 0
configure:7811: result: yes
configure:7811: checking for stdint.h
configure:7811: gcc -c -g -O2  conftest.c >&5
configure:7811: $? = 0
configure:7811: result: yes
configure:7811: checking for unistd.h
configure:7811: gcc -c -g -O2  conftest.c >&5
configure:7811: $? = 0
configure:7811: result: yes
configure:7825: checking for dlfcn.h
configure:7825: gcc -c -g -O2  conftest.c >&5
configure:7825: $? = 0
configure:7825: result: yes
configure:8081: checking for objdir
configure:8096: result: .libs
configure:8356: checking if gcc supports -fno-rtti -fno-exceptions
configure:8374: gcc -c -g -O2  -fno-rtti -fno-exceptions conftest.c >&5
cc1: warning: command line option '-fno-rtti' is valid for C++/ObjC++ but not for C
configure:8378: $? = 0
configure:8391: result: no
configure:8749: checking for gcc option to produce PIC
configure:8756: result: -fPIC -DPIC
configure:8764: checking if gcc PIC flag -fPIC -DPIC works
configure:8782: gcc -c -g -O2  -fPIC -DPIC -DPIC conftest.c >&5
configure:8786: $? = 0
configure:8799: result: yes
configure:8828: checking if gcc static flag -static works
configure:8856: result: yes
configure:8871: checking if gcc supports -c -o file.o
configure:8892: gcc -c -g -O2  -o out/conftest2.o conftest.c >&5
configure:8896: $? = 0
configure:8918: result: yes
configure:8926: checking if gcc supports -c -o file.o
configure:8973: result: yes
configure:9006: checking whether the gcc linker (/usr/bin/ld) supports shared libraries
configure:10265: result: yes
configure:10302: checking whether -lc should be explicitly linked in
configure:10310: gcc -c -g -O2  conftest.c >&5
configure:10313: $? = 0
configure:10328: gcc -shared  -fPIC -DPIC conftest.o  -v -Wl,-soname -Wl,conftest -o conftest 2\>\&1 \| /bin/grep  -lc  \>/dev/null 2\>\&1
configure:10331: $? = 0
configure:10345: result: no
configure:10505: checking dynamic linker characteristics
configure:11323: result: no
configure:11445: checking how to hardcode library paths into programs
configure:11470: result: immediate
configure:12018: checking whether stripping libraries is possible
configure:12023: result: yes
configure:12058: checking if libtool supports shared libraries
configure:12060: result: no
configure:12063: checking whether to build shared libraries
configure:12088: result: no
configure:12091: checking whether to build static libraries
configure:12095: result: yes
configure:12156: checking for ANSI C header files
configure:12260: result: yes
configure:12273: checking for library containing floor
configure:12304: gcc -o conftest -g -O2 -Wall   conftest.c  >&5
conftest.c:31:6: warning: conflicting types for built-in function 'floor'
 char floor ();
      ^
/tmp/ccUgBqjM.o: In function `main':
/local/code/quoin-1211/KaiOS/external/system-extern/iperf/conftest.c:35: undefined reference to `floor'
collect2: error: ld returned 1 exit status
configure:12304: $? = 1
configure: failed program was:
| /* confdefs.h */
| #define PACKAGE_NAME "iperf"
| #define PACKAGE_TARNAME "iperf"
| #define PACKAGE_VERSION "3.7"
| #define PACKAGE_STRING "iperf 3.7"
| #define PACKAGE_BUGREPORT "https://github.com/esnet/iperf"
| #define PACKAGE_URL "https://software.es.net/iperf/"
| #define PACKAGE "iperf"
| #define VERSION "3.7"
| #define STDC_HEADERS 1
| #define HAVE_SYS_TYPES_H 1
| #define HAVE_SYS_STAT_H 1
| #define HAVE_STDLIB_H 1
| #define HAVE_STRING_H 1
| #define HAVE_MEMORY_H 1
| #define HAVE_STRINGS_H 1
| #define HAVE_INTTYPES_H 1
| #define HAVE_STDINT_H 1
| #define HAVE_UNISTD_H 1
| #define HAVE_DLFCN_H 1
| #define LT_OBJDIR ".libs/"
| #define STDC_HEADERS 1
| /* end confdefs.h.  */
| 
| /* Override any GCC internal prototype to avoid an error.
|    Use char because int might match the return type of a GCC
|    builtin and then its argument prototype would still apply.  */
| #ifdef __cplusplus
| extern "C"
| #endif
| char floor ();
| int
| main ()
| {
| return floor ();
|   ;
|   return 0;
| }
configure:12304: gcc -o conftest -g -O2 -Wall   conftest.c -lm   >&5
conftest.c:31:6: warning: conflicting types for built-in function 'floor'
 char floor ();
      ^
configure:12304: $? = 0
configure:12321: result: -lm
configure:12336: checking for library containing socket
configure:12367: gcc -o conftest -g -O2 -Wall   conftest.c -lm  >&5
configure:12367: $? = 0
configure:12384: result: none required
configure:12399: checking for library containing inet_ntop
configure:12430: gcc -o conftest -g -O2 -Wall   conftest.c -lm  >&5
configure:12430: $? = 0
configure:12447: result: none required
configure:12462: checking for an ANSI C-conforming const
configure:12528: gcc -c -g -O2 -Wall  conftest.c >&5
configure:12528: $? = 0
configure:12535: result: yes
configure:12547: checking poll.h usability
configure:12547: gcc -c -g -O2 -Wall  conftest.c >&5
configure:12547: $? = 0
configure:12547: result: yes
configure:12547: checking poll.h presence
configure:12547: gcc -E  conftest.c
configure:12547: $? = 0
configure:12547: result: yes
configure:12547: checking for poll.h
configure:12547: result: yes
configure:12561: checking sys/socket.h usability
configure:12561: gcc -c -g -O2 -Wall  conftest.c >&5
configure:12561: $? = 0
configure:12561: result: yes
configure:12561: checking sys/socket.h presence
configure:12561: gcc -E  conftest.c
configure:12561: $? = 0
configure:12561: result: yes
configure:12561: checking for sys/socket.h
configure:12561: result: yes
configure:12573: checking for netinet/sctp.h
configure:12573: gcc -c -g -O2 -Wall  conftest.c >&5
conftest.c:31:26: fatal error: netinet/sctp.h: No such file or directory
compilation terminated.
configure:12573: $? = 1
configure: failed program was:
| /* confdefs.h */
| #define PACKAGE_NAME "iperf"
| #define PACKAGE_TARNAME "iperf"
| #define PACKAGE_VERSION "3.7"
| #define PACKAGE_STRING "iperf 3.7"
| #define PACKAGE_BUGREPORT "https://github.com/esnet/iperf"
| #define PACKAGE_URL "https://software.es.net/iperf/"
| #define PACKAGE "iperf"
| #define VERSION "3.7"
| #define STDC_HEADERS 1
| #define HAVE_SYS_TYPES_H 1
| #define HAVE_SYS_STAT_H 1
| #define HAVE_STDLIB_H 1
| #define HAVE_STRING_H 1
| #define HAVE_MEMORY_H 1
| #define HAVE_STRINGS_H 1
| #define HAVE_INTTYPES_H 1
| #define HAVE_STDINT_H 1
| #define HAVE_UNISTD_H 1
| #define HAVE_DLFCN_H 1
| #define LT_OBJDIR ".libs/"
| #define STDC_HEADERS 1
| #define HAVE_POLL_H 1
| #define HAVE_SYS_SOCKET_H 1
| /* end confdefs.h.  */
| #ifdef HAVE_SYS_SOCKET_H
| #include <sys/socket.h>
| #endif
| 
| 
| #include <netinet/sctp.h>
configure:12573: result: no
configure:12711: checking endian.h usability
configure:12711: gcc -c -g -O2 -Wall  conftest.c >&5
configure:12711: $? = 0
configure:12711: result: yes
configure:12711: checking endian.h presence
configure:12711: gcc -E  conftest.c
configure:12711: $? = 0
configure:12711: result: yes
configure:12711: checking for endian.h
configure:12711: result: yes
configure:12761: checking for arm-pkg-config
configure:12791: result: no
configure:12801: checking for pkg-config
configure:12817: found /usr/bin/pkg-config
configure:12828: result: pkg-config
configure:12898: checking whether compiling and linking against OpenSSL works
Trying link with OPENSSL_LDFLAGS=; OPENSSL_LIBS=-lssl -lcrypto; OPENSSL_INCLUDES=
configure:12920: gcc -o conftest -g -O2 -Wall     conftest.c -lssl -lcrypto -lm  >&5
configure:12920: $? = 0
configure:12922: result: yes
configure:12960: checking TCP_CONGESTION socket option
configure:12982: result: yes
configure:12994: checking IPv6 flowlabel support
configure:13017: result: yes
configure:13033: checking for cpuset_setaffinity
configure:13033: gcc -o conftest -g -O2 -Wall     conftest.c -lssl -lcrypto -lm  >&5
/tmp/ccmd7w2p.o: In function `main':
/local/code/quoin-1211/KaiOS/external/system-extern/iperf/conftest.c:64: undefined reference to `cpuset_setaffinity'
collect2: error: ld returned 1 exit status
configure:13033: $? = 1
configure: failed program was:
| /* confdefs.h */
| #define PACKAGE_NAME "iperf"
| #define PACKAGE_TARNAME "iperf"
| #define PACKAGE_VERSION "3.7"
| #define PACKAGE_STRING "iperf 3.7"
| #define PACKAGE_BUGREPORT "https://github.com/esnet/iperf"
| #define PACKAGE_URL "https://software.es.net/iperf/"
| #define PACKAGE "iperf"
| #define VERSION "3.7"
| #define STDC_HEADERS 1
| #define HAVE_SYS_TYPES_H 1
| #define HAVE_SYS_STAT_H 1
| #define HAVE_STDLIB_H 1
| #define HAVE_STRING_H 1
| #define HAVE_MEMORY_H 1
| #define HAVE_STRINGS_H 1
| #define HAVE_INTTYPES_H 1
| #define HAVE_STDINT_H 1
| #define HAVE_UNISTD_H 1
| #define HAVE_DLFCN_H 1
| #define LT_OBJDIR ".libs/"
| #define STDC_HEADERS 1
| #define HAVE_POLL_H 1
| #define HAVE_SYS_SOCKET_H 1
| #define HAVE_ENDIAN_H 1
| #define HAVE_SSL 1
| #define HAVE_TCP_CONGESTION 1
| #define HAVE_FLOWLABEL 1
| /* end confdefs.h.  */
| /* Define cpuset_setaffinity to an innocuous variant, in case <limits.h> declares cpuset_setaffinity.
|    For example, HP-UX 11i <limits.h> declares gettimeofday.  */
| #define cpuset_setaffinity innocuous_cpuset_setaffinity
| 
| /* System header to define __stub macros and hopefully few prototypes,
|     which can conflict with char cpuset_setaffinity (); below.
|     Prefer <limits.h> to <assert.h> if __STDC__ is defined, since
|     <limits.h> exists even on freestanding compilers.  */
| 
| #ifdef __STDC__
| # include <limits.h>
| #else
| # include <assert.h>
| #endif
| 
| #undef cpuset_setaffinity
| 
| /* Override any GCC internal prototype to avoid an error.
|    Use char because int might match the return type of a GCC
|    builtin and then its argument prototype would still apply.  */
| #ifdef __cplusplus
| extern "C"
| #endif
| char cpuset_setaffinity ();
| /* The GNU C library defines this for functions which it implements
|     to always fail with ENOSYS.  Some functions are actually named
|     something starting with __ and the normal name is an alias.  */
| #if defined __stub_cpuset_setaffinity || defined __stub___cpuset_setaffinity
| choke me
| #endif
| 
| int
| main ()
| {
| return cpuset_setaffinity ();
|   ;
|   return 0;
| }
configure:13033: result: no
configure:13033: checking for sched_setaffinity
configure:13033: gcc -o conftest -g -O2 -Wall     conftest.c -lssl -lcrypto -lm  >&5
configure:13033: $? = 0
configure:13033: result: yes
configure:13033: checking for SetProcessAffinityMask
configure:13033: gcc -o conftest -g -O2 -Wall     conftest.c -lssl -lcrypto -lm  >&5
/tmp/ccMuITAw.o: In function `main':
/local/code/quoin-1211/KaiOS/external/system-extern/iperf/conftest.c:66: undefined reference to `SetProcessAffinityMask'
collect2: error: ld returned 1 exit status
configure:13033: $? = 1
configure: failed program was:
| /* confdefs.h */
| #define PACKAGE_NAME "iperf"
| #define PACKAGE_TARNAME "iperf"
| #define PACKAGE_VERSION "3.7"
| #define PACKAGE_STRING "iperf 3.7"
| #define PACKAGE_BUGREPORT "https://github.com/esnet/iperf"
| #define PACKAGE_URL "https://software.es.net/iperf/"
| #define PACKAGE "iperf"
| #define VERSION "3.7"
| #define STDC_HEADERS 1
| #define HAVE_SYS_TYPES_H 1
| #define HAVE_SYS_STAT_H 1
| #define HAVE_STDLIB_H 1
| #define HAVE_STRING_H 1
| #define HAVE_MEMORY_H 1
| #define HAVE_STRINGS_H 1
| #define HAVE_INTTYPES_H 1
| #define HAVE_STDINT_H 1
| #define HAVE_UNISTD_H 1
| #define HAVE_DLFCN_H 1
| #define LT_OBJDIR ".libs/"
| #define STDC_HEADERS 1
| #define HAVE_POLL_H 1
| #define HAVE_SYS_SOCKET_H 1
| #define HAVE_ENDIAN_H 1
| #define HAVE_SSL 1
| #define HAVE_TCP_CONGESTION 1
| #define HAVE_FLOWLABEL 1
| #define HAVE_SCHED_SETAFFINITY 1
| #define HAVE_CPU_AFFINITY 1
| /* end confdefs.h.  */
| /* Define SetProcessAffinityMask to an innocuous variant, in case <limits.h> declares SetProcessAffinityMask.
|    For example, HP-UX 11i <limits.h> declares gettimeofday.  */
| #define SetProcessAffinityMask innocuous_SetProcessAffinityMask
| 
| /* System header to define __stub macros and hopefully few prototypes,
|     which can conflict with char SetProcessAffinityMask (); below.
|     Prefer <limits.h> to <assert.h> if __STDC__ is defined, since
|     <limits.h> exists even on freestanding compilers.  */
| 
| #ifdef __STDC__
| # include <limits.h>
| #else
| # include <assert.h>
| #endif
| 
| #undef SetProcessAffinityMask
| 
| /* Override any GCC internal prototype to avoid an error.
|    Use char because int might match the return type of a GCC
|    builtin and then its argument prototype would still apply.  */
| #ifdef __cplusplus
| extern "C"
| #endif
| char SetProcessAffinityMask ();
| /* The GNU C library defines this for functions which it implements
|     to always fail with ENOSYS.  Some functions are actually named
|     something starting with __ and the normal name is an alias.  */
| #if defined __stub_SetProcessAffinityMask || defined __stub___SetProcessAffinityMask
| choke me
| #endif
| 
| int
| main ()
| {
| return SetProcessAffinityMask ();
|   ;
|   return 0;
| }
configure:13033: result: no
configure:13048: checking for daemon
configure:13048: gcc -o conftest -g -O2 -Wall     conftest.c -lssl -lcrypto -lm  >&5
configure:13048: $? = 0
configure:13048: result: yes
configure:13063: checking for sendfile
configure:13063: gcc -o conftest -g -O2 -Wall     conftest.c -lssl -lcrypto -lm  >&5
configure:13063: $? = 0
configure:13063: result: yes
configure:13077: checking for getline
configure:13077: gcc -o conftest -g -O2 -Wall     conftest.c -lssl -lcrypto -lm  >&5
configure:13077: $? = 0
configure:13077: result: yes
configure:13088: checking SO_MAX_PACING_RATE socket option
configure:13110: result: yes
configure:13119: checking for library containing clock_gettime
configure:13150: gcc -o conftest -g -O2 -Wall     conftest.c -lssl -lcrypto -lm  >&5
configure:13150: $? = 0
configure:13167: result: none required
configure:13178: checking for clock_gettime
configure:13178: gcc -o conftest -g -O2 -Wall     conftest.c -lssl -lcrypto -lm  >&5
configure:13178: $? = 0
configure:13178: result: yes
configure:13298: checking that generated files are newer than configure
configure:13304: result: done
configure:13335: creating ./config.status

## ---------------------- ##
## Running config.status. ##
## ---------------------- ##

This file was extended by iperf config.status 3.7, which was
generated by GNU Autoconf 2.69.  Invocation command line was

  CONFIG_FILES    = 
  CONFIG_HEADERS  = 
  CONFIG_LINKS    = 
  CONFIG_COMMANDS = 
  $ ./config.status 

on linux-3

config.status:1108: creating Makefile
config.status:1108: creating src/Makefile
config.status:1108: creating src/version.h
config.status:1108: creating examples/Makefile
config.status:1108: creating iperf3.spec
config.status:1108: creating src/iperf_config.h
config.status:1337: executing depfiles commands
config.status:1414: cd src       && sed -e '/# am--include-marker/d' Makefile         | make -f - am--depfiles
config.status:1419: $? = 0
config.status:1414: cd examples       && sed -e '/# am--include-marker/d' Makefile         | make -f - am--depfiles
config.status:1419: $? = 0
config.status:1337: executing libtool commands

## ---------------- ##
## Cache variables. ##
## ---------------- ##

ac_cv_build=x86_64-unknown-linux-gnu
ac_cv_c_compiler_gnu=yes
ac_cv_c_const=yes
ac_cv_env_CC_set=
ac_cv_env_CC_value=
ac_cv_env_CFLAGS_set=
ac_cv_env_CFLAGS_value=
ac_cv_env_CPPFLAGS_set=
ac_cv_env_CPPFLAGS_value=
ac_cv_env_CPP_set=
ac_cv_env_CPP_value=
ac_cv_env_LDFLAGS_set=
ac_cv_env_LDFLAGS_value=
ac_cv_env_LIBS_set=
ac_cv_env_LIBS_value=
ac_cv_env_LT_SYS_LIBRARY_PATH_set=
ac_cv_env_LT_SYS_LIBRARY_PATH_value=
ac_cv_env_build_alias_set=
ac_cv_env_build_alias_value=
ac_cv_env_host_alias_set=set
ac_cv_env_host_alias_value=arm
ac_cv_env_target_alias_set=
ac_cv_env_target_alias_value=
ac_cv_func_SetProcessAffinityMask=no
ac_cv_func_clock_gettime=yes
ac_cv_func_cpuset_setaffinity=no
ac_cv_func_daemon=yes
ac_cv_func_getline=yes
ac_cv_func_sched_setaffinity=yes
ac_cv_func_sendfile=yes
ac_cv_header_dlfcn_h=yes
ac_cv_header_endian_h=yes
ac_cv_header_inttypes_h=yes
ac_cv_header_memory_h=yes
ac_cv_header_netinet_sctp_h=no
ac_cv_header_poll_h=yes
ac_cv_header_stdc=yes
ac_cv_header_stdint_h=yes
ac_cv_header_stdlib_h=yes
ac_cv_header_string_h=yes
ac_cv_header_strings_h=yes
ac_cv_header_sys_socket_h=yes
ac_cv_header_sys_stat_h=yes
ac_cv_header_sys_types_h=yes
ac_cv_header_unistd_h=yes
ac_cv_host=arm-unknown-none
ac_cv_objext=o
ac_cv_path_EGREP='/bin/grep -E'
ac_cv_path_FGREP='/bin/grep -F'
ac_cv_path_GREP=/bin/grep
ac_cv_path_SED=/bin/sed
ac_cv_path_install='/usr/bin/install -c'
ac_cv_path_lt_DD=/bin/dd
ac_cv_path_mkdir=/bin/mkdir
ac_cv_prog_AWK=gawk
ac_cv_prog_CPP='gcc -E'
ac_cv_prog_RANLIB=ranlib
ac_cv_prog_STRIP=strip
ac_cv_prog_ac_ct_AR=ar
ac_cv_prog_ac_ct_CC=gcc
ac_cv_prog_ac_ct_DUMPBIN='link -dump'
ac_cv_prog_ac_ct_MANIFEST_TOOL=mt
ac_cv_prog_ac_ct_OBJDUMP=objdump
ac_cv_prog_ac_ct_PKG_CONFIG=pkg-config
ac_cv_prog_ac_ct_RANLIB=ranlib
ac_cv_prog_ac_ct_STRIP=strip
ac_cv_prog_cc_c89=
ac_cv_prog_cc_g=yes
ac_cv_prog_make_make_set=yes
ac_cv_search_clock_gettime='none required'
ac_cv_search_floor=-lm
ac_cv_search_inet_ntop='none required'
ac_cv_search_socket='none required'
am_cv_CC_dependencies_compiler_type=gcc3
am_cv_make_support_nested_variables=yes
am_cv_prog_cc_c_o=yes
iperf3_cv_header_flowlabel=yes
iperf3_cv_header_so_max_pacing_rate=yes
iperf3_cv_header_tcp_congestion=yes
lt_cv_ar_at_file=@
lt_cv_archive_cmds_need_lc=no
lt_cv_deplibs_check_method=unknown
lt_cv_file_magic_cmd='$MAGIC_CMD'
lt_cv_file_magic_test_file=
lt_cv_ld_reload_flag=-r
lt_cv_nm_interface='BSD nm'
lt_cv_objdir=.libs
lt_cv_path_LD=/usr/bin/ld
lt_cv_path_NM=no
lt_cv_path_mainfest_tool=no
lt_cv_prog_compiler_c_o=yes
lt_cv_prog_compiler_pic='-fPIC -DPIC'
lt_cv_prog_compiler_pic_works=yes
lt_cv_prog_compiler_rtti_exceptions=no
lt_cv_prog_compiler_static_works=yes
lt_cv_prog_gnu_ld=yes
lt_cv_sharedlib_from_linklib_cmd='printf %s\n'
lt_cv_sys_global_symbol_pipe='sed -n -e '\''s/^.*[	 ]\([ABCDGIRSTW][ABCDGIRSTW]*\)[	 ][	 ]*\([_A-Za-z][_A-Za-z0-9]*\)$/\1 \2 \2/p'\'' | sed '\''/ __gnu_lto/d'\'''
lt_cv_sys_global_symbol_to_c_name_address='sed -n -e '\''s/^: \(.*\) .*$/  {"\1", (void *) 0},/p'\'' -e '\''s/^[ABCDGIRSTW][ABCDGIRSTW]* .* \(.*\)$/  {"\1", (void *) \&\1},/p'\'''
lt_cv_sys_global_symbol_to_c_name_address_lib_prefix='sed -n -e '\''s/^: \(.*\) .*$/  {"\1", (void *) 0},/p'\'' -e '\''s/^[ABCDGIRSTW][ABCDGIRSTW]* .* \(lib.*\)$/  {"\1", (void *) \&\1},/p'\'' -e '\''s/^[ABCDGIRSTW][ABCDGIRSTW]* .* \(.*\)$/  {"lib\1", (void *) \&\1},/p'\'''
lt_cv_sys_global_symbol_to_cdecl='sed -n -e '\''s/^T .* \(.*\)$/extern int \1();/p'\'' -e '\''s/^[ABCDGIRSTW][ABCDGIRSTW]* .* \(.*\)$/extern char \1;/p'\'''
lt_cv_sys_global_symbol_to_import=
lt_cv_sys_max_cmd_len=1572864
lt_cv_to_host_file_cmd=func_convert_file_noop
lt_cv_to_tool_file_cmd=func_convert_file_noop
lt_cv_truncate_bin='/bin/dd bs=4096 count=1'

## ----------------- ##
## Output variables. ##
## ----------------- ##

ACLOCAL='${SHELL} /local/code/quoin-1211/KaiOS/external/system-extern/iperf/config/missing aclocal-1.16'
AMDEPBACKSLASH='\'
AMDEP_FALSE='#'
AMDEP_TRUE=''
AMTAR='$${TAR-tar}'
AM_BACKSLASH='\'
AM_DEFAULT_V='$(AM_DEFAULT_VERBOSITY)'
AM_DEFAULT_VERBOSITY='1'
AM_V='$(V)'
AR='ar'
AUTOCONF='${SHELL} /local/code/quoin-1211/KaiOS/external/system-extern/iperf/config/missing autoconf'
AUTOHEADER='${SHELL} /local/code/quoin-1211/KaiOS/external/system-extern/iperf/config/missing autoheader'
AUTOMAKE='${SHELL} /local/code/quoin-1211/KaiOS/external/system-extern/iperf/config/missing automake-1.16'
AWK='gawk'
CC='gcc'
CCDEPMODE='depmode=gcc3'
CFLAGS='-g -O2 -Wall'
CPP='gcc -E'
CPPFLAGS=' '
CYGPATH_W='echo'
DEFS='-DHAVE_CONFIG_H'
DEPDIR='.deps'
DLLTOOL='false'
DSYMUTIL=''
DUMPBIN=':'
ECHO_C=''
ECHO_N='-n'
ECHO_T=''
EGREP='/bin/grep -E'
ENABLE_PROFILING_FALSE='#'
ENABLE_PROFILING_TRUE=''
EXEEXT=''
FGREP='/bin/grep -F'
GREP='/bin/grep'
INSTALL_DATA='${INSTALL} -m 644'
INSTALL_PROGRAM='${INSTALL}'
INSTALL_SCRIPT='${INSTALL}'
INSTALL_STRIP_PROGRAM='$(install_sh) -c -s'
LD='/usr/bin/ld'
LDFLAGS=' '
LIBOBJS=''
LIBS='-lssl -lcrypto -lm '
LIBTOOL='$(SHELL) $(top_builddir)/libtool'
LIPO=''
LN_S='ln -s'
LTLIBOBJS=''
LT_SYS_LIBRARY_PATH=''
MAINT='#'
MAINTAINER_MODE_FALSE=''
MAINTAINER_MODE_TRUE='#'
MAKEINFO='${SHELL} /local/code/quoin-1211/KaiOS/external/system-extern/iperf/config/missing makeinfo'
MANIFEST_TOOL=':'
MKDIR_P='/bin/mkdir -p'
NM='nm'
NMEDIT=''
OBJDUMP='objdump'
OBJEXT='o'
OPENSSL_INCLUDES=''
OPENSSL_LDFLAGS=''
OPENSSL_LIBS='-lssl -lcrypto'
OTOOL64=''
OTOOL=''
PACKAGE='iperf'
PACKAGE_BUGREPORT='https://github.com/esnet/iperf'
PACKAGE_NAME='iperf'
PACKAGE_STRING='iperf 3.7'
PACKAGE_TARNAME='iperf'
PACKAGE_URL='https://software.es.net/iperf/'
PACKAGE_VERSION='3.7'
PATH_SEPARATOR=':'
PKG_CONFIG='pkg-config'
RANLIB='ranlib'
SED='/bin/sed'
SET_MAKE=''
SHELL='/bin/bash'
STRIP='strip'
VERSION='3.7'
ac_ct_AR='ar'
ac_ct_CC='gcc'
ac_ct_DUMPBIN='link -dump'
am__EXEEXT_FALSE=''
am__EXEEXT_TRUE='#'
am__fastdepCC_FALSE='#'
am__fastdepCC_TRUE=''
am__include='include'
am__isrc=''
am__leading_dot='.'
am__nodep='_no'
am__quote=''
am__tar='$${TAR-tar} chof - "$$tardir"'
am__untar='$${TAR-tar} xf -'
bindir='${exec_prefix}/bin'
build='x86_64-unknown-linux-gnu'
build_alias=''
build_cpu='x86_64'
build_os='linux-gnu'
build_vendor='unknown'
datadir='${datarootdir}'
datarootdir='${prefix}/share'
docdir='${datarootdir}/doc/${PACKAGE_TARNAME}'
dvidir='${docdir}'
exec_prefix='${prefix}'
host='arm-unknown-none'
host_alias='arm'
host_cpu='arm'
host_os='none'
host_vendor='unknown'
htmldir='${docdir}'
includedir='${prefix}/include'
infodir='${datarootdir}/info'
install_sh='${SHELL} /local/code/quoin-1211/KaiOS/external/system-extern/iperf/config/install-sh'
libdir='${exec_prefix}/lib'
libexecdir='${exec_prefix}/libexec'
localedir='${datarootdir}/locale'
localstatedir='${prefix}/var'
mandir='${datarootdir}/man'
mkdir_p='$(MKDIR_P)'
oldincludedir='/usr/include'
pdfdir='${docdir}'
prefix='/usr/local'
program_transform_name='s,x,x,'
psdir='${docdir}'
sbindir='${exec_prefix}/sbin'
sharedstatedir='${prefix}/com'
sysconfdir='${prefix}/etc'
target_alias=''

## ----------- ##
## confdefs.h. ##
## ----------- ##

/* confdefs.h */
#define PACKAGE_NAME "iperf"
#define PACKAGE_TARNAME "iperf"
#define PACKAGE_VERSION "3.7"
#define PACKAGE_STRING "iperf 3.7"
#define PACKAGE_BUGREPORT "https://github.com/esnet/iperf"
#define PACKAGE_URL "https://software.es.net/iperf/"
#define PACKAGE "iperf"
#define VERSION "3.7"
#define STDC_HEADERS 1
#define HAVE_SYS_TYPES_H 1
#define HAVE_SYS_STAT_H 1
#define HAVE_STDLIB_H 1
#define HAVE_STRING_H 1
#define HAVE_MEMORY_H 1
#define HAVE_STRINGS_H 1
#define HAVE_INTTYPES_H 1
#define HAVE_STDINT_H 1
#define HAVE_UNISTD_H 1
#define HAVE_DLFCN_H 1
#define LT_OBJDIR ".libs/"
#define STDC_HEADERS 1
#define HAVE_POLL_H 1
#define HAVE_SYS_SOCKET_H 1
#define HAVE_ENDIAN_H 1
#define HAVE_SSL 1
#define HAVE_TCP_CONGESTION 1
#define HAVE_FLOWLABEL 1
#define HAVE_SCHED_SETAFFINITY 1
#define HAVE_CPU_AFFINITY 1
#define HAVE_DAEMON 1
#define HAVE_SENDFILE 1
#define HAVE_GETLINE 1
#define HAVE_SO_MAX_PACING_RATE 1
#define HAVE_CLOCK_GETTIME 1

configure: exit 0
